<?xml version="1.0" encoding="UTF-8"?>
<robot generator="Robot 4.1.3 (Python 3.10.2 on win32)" generated="20220208 14:48:05.540" rpa="false" schemaversion="2">
<suite id="s1" name="Robot Suite" source="C:\Users\yamini\PycharmProjects\Robotics\robot_suite">
<suite id="s1-s1" name="Demo1 Suite" source="C:\Users\yamini\PycharmProjects\Robotics\robot_suite\demo1_suite.robot">
<test id="s1-s1-t1" name="TC1 Print Name">
<kw name="Log To Console" library="BuiltIn">
<arg>hello,everyone</arg>
<doc>Logs the given message to the console.</doc>
<status status="PASS" starttime="20220208 14:48:05.853" endtime="20220208 14:48:05.853"/>
</kw>
<kw name="Log To Console" library="BuiltIn">
<arg>Yamini Saravanakumar</arg>
<doc>Logs the given message to the console.</doc>
<status status="PASS" starttime="20220208 14:48:05.853" endtime="20220208 14:48:05.853"/>
</kw>
<status status="PASS" starttime="20220208 14:48:05.853" endtime="20220208 14:48:05.868"/>
</test>
<test id="s1-s1-t2" name="TC2 Print Date">
<kw name="Get Current Date" library="DateTime">
<var>${date}</var>
<doc>Returns current local or UTC time with an optional increment.</doc>
<msg timestamp="20220208 14:48:05.868" level="INFO">${date} = 2022-02-08 14:48:05.868</msg>
<status status="PASS" starttime="20220208 14:48:05.868" endtime="20220208 14:48:05.868"/>
</kw>
<kw name="Log To Console" library="BuiltIn">
<arg>${name}</arg>
<doc>Logs the given message to the console.</doc>
<msg timestamp="20220208 14:48:05.868" level="FAIL">Variable '${name}' not found. Did you mean:
    ${TEST_NAME}</msg>
<status status="FAIL" starttime="20220208 14:48:05.868" endtime="20220208 14:48:05.868"/>
</kw>
<status status="FAIL" starttime="20220208 14:48:05.868" endtime="20220208 14:48:05.868">Variable '${name}' not found. Did you mean:
    ${TEST_NAME}</status>
</test>
<test id="s1-s1-t3" name="TC3 Store Data">
<kw name="Set Local Variable" library="BuiltIn">
<arg>${name}</arg>
<arg>yamini</arg>
<doc>Makes a variable available everywhere within the local scope.</doc>
<msg timestamp="20220208 14:48:05.884" level="INFO">${name} = yamini</msg>
<status status="PASS" starttime="20220208 14:48:05.884" endtime="20220208 14:48:05.884"/>
</kw>
<kw name="Log To Console" library="BuiltIn">
<arg>${name}</arg>
<doc>Logs the given message to the console.</doc>
<status status="PASS" starttime="20220208 14:48:05.884" endtime="20220208 14:48:05.884"/>
</kw>
<kw name="Log" library="BuiltIn">
<arg>hello,${name}</arg>
<doc>Logs the given message with the given level.</doc>
<msg timestamp="20220208 14:48:05.884" level="INFO">hello,yamini</msg>
<status status="PASS" starttime="20220208 14:48:05.884" endtime="20220208 14:48:05.884"/>
</kw>
<kw name="Set Variable" library="BuiltIn">
<var>${title}</var>
<arg>robotframeworksession</arg>
<doc>Returns the given values which can then be assigned to a variables.</doc>
<msg timestamp="20220208 14:48:05.884" level="INFO">${title} = robotframeworksession</msg>
<status status="PASS" starttime="20220208 14:48:05.884" endtime="20220208 14:48:05.884"/>
</kw>
<kw name="Log To Console" library="BuiltIn">
<arg>${title}</arg>
<doc>Logs the given message to the console.</doc>
<status status="PASS" starttime="20220208 14:48:05.884" endtime="20220208 14:48:05.884"/>
</kw>
<status status="PASS" starttime="20220208 14:48:05.868" endtime="20220208 14:48:05.884"/>
</test>
<test id="s1-s1-t4" name="TC4 Add Number">
<kw name="Set Local Variable" library="BuiltIn">
<arg>${num1} 10</arg>
<doc>Makes a variable available everywhere within the local scope.</doc>
<msg timestamp="20220208 14:48:05.900" level="FAIL">Invalid variable name '${num1} 10'.</msg>
<status status="FAIL" starttime="20220208 14:48:05.900" endtime="20220208 14:48:05.900"/>
</kw>
<kw name="Set Local Variable" library="BuiltIn">
<arg>${num2}</arg>
<arg>10</arg>
<doc>Makes a variable available everywhere within the local scope.</doc>
<status status="NOT RUN" starttime="20220208 14:48:05.915" endtime="20220208 14:48:05.915"/>
</kw>
<kw name="Set Local Variable" library="BuiltIn">
<arg>${sum}</arg>
<arg>${${num1}+${num2}}</arg>
<doc>Makes a variable available everywhere within the local scope.</doc>
<status status="NOT RUN" starttime="20220208 14:48:05.915" endtime="20220208 14:48:05.915"/>
</kw>
<kw name="Log To Console" library="BuiltIn">
<arg>${sum}</arg>
<doc>Logs the given message to the console.</doc>
<status status="NOT RUN" starttime="20220208 14:48:05.915" endtime="20220208 14:48:05.915"/>
</kw>
<kw name="Set Local Variable" library="BuiltIn">
<arg>${radius} 5</arg>
<doc>Makes a variable available everywhere within the local scope.</doc>
<status status="NOT RUN" starttime="20220208 14:48:05.915" endtime="20220208 14:48:05.915"/>
</kw>
<kw name="Set Local Variable" library="BuiltIn">
<arg>${pi} 3.14</arg>
<doc>Makes a variable available everywhere within the local scope.</doc>
<status status="NOT RUN" starttime="20220208 14:48:05.915" endtime="20220208 14:48:05.915"/>
</kw>
<kw name="Evaluate" library="BuiltIn">
<var>${area}</var>
<arg>${pi} * ${radius} * ${radius}</arg>
<doc>Evaluates the given expression in Python and returns the result.</doc>
<status status="NOT RUN" starttime="20220208 14:48:05.915" endtime="20220208 14:48:05.915"/>
</kw>
<kw name="Log To Console" library="BuiltIn">
<arg>${area}</arg>
<doc>Logs the given message to the console.</doc>
<status status="NOT RUN" starttime="20220208 14:48:05.915" endtime="20220208 14:48:05.915"/>
</kw>
<status status="FAIL" starttime="20220208 14:48:05.884" endtime="20220208 14:48:05.915">Invalid variable name '${num1} 10'.</status>
</test>
<test id="s1-s1-t5" name="TC6">
<kw name="Set Local Variable" library="BuiltIn">
<arg>${browser}</arg>
<arg>chrome</arg>
<doc>Makes a variable available everywhere within the local scope.</doc>
<msg timestamp="20220208 14:48:05.931" level="INFO">${browser} = chrome</msg>
<status status="PASS" starttime="20220208 14:48:05.915" endtime="20220208 14:48:05.931"/>
</kw>
<if>
<branch type="IF" condition="'${browser}'=='chrome'">
<kw name="Log To Console" library="BuiltIn">
<arg>Yes!it's chrome</arg>
<doc>Logs the given message to the console.</doc>
<status status="PASS" starttime="20220208 14:48:05.931" endtime="20220208 14:48:05.931"/>
</kw>
<status status="PASS" starttime="20220208 14:48:05.931" endtime="20220208 14:48:05.931"/>
</branch>
<branch type="ELSE">
<kw name="Log To Console" library="BuiltIn">
<arg>No!it's not chrome</arg>
<doc>Logs the given message to the console.</doc>
<status status="NOT RUN" starttime="20220208 14:48:05.931" endtime="20220208 14:48:05.931"/>
</kw>
<status status="NOT RUN" starttime="20220208 14:48:05.931" endtime="20220208 14:48:05.931"/>
</branch>
<status status="PASS" starttime="20220208 14:48:05.931" endtime="20220208 14:48:05.931"/>
</if>
<status status="PASS" starttime="20220208 14:48:05.915" endtime="20220208 14:48:05.931"/>
</test>
<test id="s1-s1-t6" name=" TC7 for loop">
<for flavor="IN RANGE">
<var>${i}</var>
<value>1</value>
<value>11</value>
<value>1</value>
<iter>
<var name="${i}">1</var>
<kw name="Log To Console" library="BuiltIn">
<arg>${i}</arg>
<doc>Logs the given message to the console.</doc>
<status status="PASS" starttime="20220208 14:48:05.946" endtime="20220208 14:48:05.946"/>
</kw>
<status status="PASS" starttime="20220208 14:48:05.946" endtime="20220208 14:48:05.946"/>
</iter>
<iter>
<var name="${i}">2</var>
<kw name="Log To Console" library="BuiltIn">
<arg>${i}</arg>
<doc>Logs the given message to the console.</doc>
<status status="PASS" starttime="20220208 14:48:05.946" endtime="20220208 14:48:05.946"/>
</kw>
<status status="PASS" starttime="20220208 14:48:05.946" endtime="20220208 14:48:05.946"/>
</iter>
<iter>
<var name="${i}">3</var>
<kw name="Log To Console" library="BuiltIn">
<arg>${i}</arg>
<doc>Logs the given message to the console.</doc>
<status status="PASS" starttime="20220208 14:48:05.946" endtime="20220208 14:48:05.946"/>
</kw>
<status status="PASS" starttime="20220208 14:48:05.946" endtime="20220208 14:48:05.946"/>
</iter>
<iter>
<var name="${i}">4</var>
<kw name="Log To Console" library="BuiltIn">
<arg>${i}</arg>
<doc>Logs the given message to the console.</doc>
<status status="PASS" starttime="20220208 14:48:05.946" endtime="20220208 14:48:05.946"/>
</kw>
<status status="PASS" starttime="20220208 14:48:05.946" endtime="20220208 14:48:05.946"/>
</iter>
<iter>
<var name="${i}">5</var>
<kw name="Log To Console" library="BuiltIn">
<arg>${i}</arg>
<doc>Logs the given message to the console.</doc>
<status status="PASS" starttime="20220208 14:48:05.946" endtime="20220208 14:48:05.946"/>
</kw>
<status status="PASS" starttime="20220208 14:48:05.946" endtime="20220208 14:48:05.946"/>
</iter>
<iter>
<var name="${i}">6</var>
<kw name="Log To Console" library="BuiltIn">
<arg>${i}</arg>
<doc>Logs the given message to the console.</doc>
<status status="PASS" starttime="20220208 14:48:05.946" endtime="20220208 14:48:05.946"/>
</kw>
<status status="PASS" starttime="20220208 14:48:05.946" endtime="20220208 14:48:05.946"/>
</iter>
<iter>
<var name="${i}">7</var>
<kw name="Log To Console" library="BuiltIn">
<arg>${i}</arg>
<doc>Logs the given message to the console.</doc>
<status status="PASS" starttime="20220208 14:48:05.962" endtime="20220208 14:48:05.962"/>
</kw>
<status status="PASS" starttime="20220208 14:48:05.946" endtime="20220208 14:48:05.962"/>
</iter>
<iter>
<var name="${i}">8</var>
<kw name="Log To Console" library="BuiltIn">
<arg>${i}</arg>
<doc>Logs the given message to the console.</doc>
<status status="PASS" starttime="20220208 14:48:05.962" endtime="20220208 14:48:05.962"/>
</kw>
<status status="PASS" starttime="20220208 14:48:05.962" endtime="20220208 14:48:05.962"/>
</iter>
<iter>
<var name="${i}">9</var>
<kw name="Log To Console" library="BuiltIn">
<arg>${i}</arg>
<doc>Logs the given message to the console.</doc>
<status status="PASS" starttime="20220208 14:48:05.962" endtime="20220208 14:48:05.962"/>
</kw>
<status status="PASS" starttime="20220208 14:48:05.962" endtime="20220208 14:48:05.962"/>
</iter>
<iter>
<var name="${i}">10</var>
<kw name="Log To Console" library="BuiltIn">
<arg>${i}</arg>
<doc>Logs the given message to the console.</doc>
<status status="PASS" starttime="20220208 14:48:05.978" endtime="20220208 14:48:05.978"/>
</kw>
<status status="PASS" starttime="20220208 14:48:05.962" endtime="20220208 14:48:05.978"/>
</iter>
<status status="PASS" starttime="20220208 14:48:05.946" endtime="20220208 14:48:05.978"/>
</for>
<status status="PASS" starttime="20220208 14:48:05.931" endtime="20220208 14:48:05.978"/>
</test>
<status status="FAIL" starttime="20220208 14:48:05.790" endtime="20220208 14:48:05.978"/>
</suite>
<status status="FAIL" starttime="20220208 14:48:05.571" endtime="20220208 14:48:05.978"/>
</suite>
<statistics>
<total>
<stat pass="4" fail="2" skip="0">All Tests</stat>
</total>
<tag>
</tag>
<suite>
<stat pass="4" fail="2" skip="0" id="s1" name="Robot Suite">Robot Suite</stat>
<stat pass="4" fail="2" skip="0" id="s1-s1" name="Demo1 Suite">Robot Suite.Demo1 Suite</stat>
</suite>
</statistics>
<errors>
</errors>
</robot>
