<?xml version="1.0" encoding="UTF-8"?>
<robot generator="Robot 4.1.3 (Python 3.10.2 on win32)" generated="20220210 14:04:46.476" rpa="false" schemaversion="2">
<suite id="s1" name="Nasscom Membership" source="C:\Users\yamini\PycharmProjects\Robotics\selenium_suite\nasscom_membership.robot">
<test id="s1-t1" name="TC1">
<kw name="Open Browser" library="SeleniumLibrary">
<arg>browser=chrome</arg>
<arg>executable_path=${EXECDIR}${/}drivers${/}chromedriver</arg>
<doc>Opens a new browser instance to the optional ``url``.</doc>
<msg timestamp="20220210 14:04:49.546" level="INFO">Opening browser 'chrome' to base url 'None'.</msg>
<status status="PASS" starttime="20220210 14:04:49.530" endtime="20220210 14:04:53.780"/>
</kw>
<kw name="Click Element" library="SeleniumLibrary">
<arg>id=edit-field-membership-type-und-1203</arg>
<doc>Click the element identified by ``locator``.</doc>
<msg timestamp="20220210 14:04:53.797" level="INFO">Clicking element 'id=edit-field-membership-type-und-1203'.</msg>
<msg timestamp="20220210 14:04:54.398" level="INFO" html="true">&lt;/td&gt;&lt;/tr&gt;&lt;tr&gt;&lt;td colspan="3"&gt;&lt;a href="selenium-screenshot-4.png"&gt;&lt;img src="selenium-screenshot-4.png" width="800px"&gt;&lt;/a&gt;</msg>
<msg timestamp="20220210 14:04:55.187" level="FAIL">Element with locator 'id=edit-field-membership-type-und-1203' not found.</msg>
<status status="FAIL" starttime="20220210 14:04:53.780" endtime="20220210 14:04:55.187"/>
</kw>
<kw name="Select Checkbox" library="SeleniumLibrary">
<arg>id=edit-field-business-focus-inst-und-966</arg>
<doc>Selects the checkbox identified by ``locator``.</doc>
<status status="NOT RUN" starttime="20220210 14:04:55.187" endtime="20220210 14:04:55.187"/>
</kw>
<kw name="Select Checkbox" library="SeleniumLibrary">
<arg>id=edit-field-business-focus-inst-und-970</arg>
<doc>Selects the checkbox identified by ``locator``.</doc>
<status status="NOT RUN" starttime="20220210 14:04:55.187" endtime="20220210 14:04:55.187"/>
</kw>
<kw name="Click Element" library="SeleniumLibrary">
<arg>id=edit-submitted-contact-person-for-nasscom-email-id-cp</arg>
<doc>Click the element identified by ``locator``.</doc>
<status status="NOT RUN" starttime="20220210 14:04:55.187" endtime="20220210 14:04:55.187"/>
</kw>
<kw name="Sleep" library="BuiltIn">
<arg>5s</arg>
<doc>Pauses the test executed for the given time.</doc>
<status status="NOT RUN" starttime="20220210 14:04:55.187" endtime="20220210 14:04:55.187"/>
</kw>
<kw name="Handle Alert" library="SeleniumLibrary">
<var>${alert_text}</var>
<arg>action=ACCEPT</arg>
<arg>timeout=20s</arg>
<doc>Handles the current alert and returns its message.</doc>
<status status="NOT RUN" starttime="20220210 14:04:55.187" endtime="20220210 14:04:55.187"/>
</kw>
<kw name="Log To Console" library="BuiltIn">
<arg>${alert_text}</arg>
<doc>Logs the given message to the console.</doc>
<status status="NOT RUN" starttime="20220210 14:04:55.187" endtime="20220210 14:04:55.187"/>
</kw>
<kw name="Close Browser" library="SeleniumLibrary">
<doc>Closes the current browser.</doc>
<status status="NOT RUN" starttime="20220210 14:04:55.187" endtime="20220210 14:04:55.187"/>
</kw>
<status status="FAIL" starttime="20220210 14:04:49.530" endtime="20220210 14:04:55.203">Element with locator 'id=edit-field-membership-type-und-1203' not found.</status>
</test>
<status status="FAIL" starttime="20220210 14:04:46.507" endtime="20220210 14:04:55.243"/>
</suite>
<statistics>
<total>
<stat pass="0" fail="1" skip="0">All Tests</stat>
</total>
<tag>
</tag>
<suite>
<stat pass="0" fail="1" skip="0" id="s1" name="Nasscom Membership">Nasscom Membership</stat>
</suite>
</statistics>
<errors>
</errors>
</robot>
