<?xml version="1.0" encoding="UTF-8"?>
<robot generator="Robot 4.1.3 (Python 3.10.2 on win32)" generated="20220208 14:58:49.897" rpa="false" schemaversion="2">
<suite id="s1" name="Demo2 Suite" source="C:\Users\yamini\PycharmProjects\Robotics\robot_suite\demo2_suite.robot">
<test id="s1-t1" name="TC1 print Name">
<kw name="Log To Console" library="BuiltIn">
<arg>hello,everyone</arg>
<doc>Logs the given message to the console.</doc>
<status status="PASS" starttime="20220208 14:58:50.038" endtime="20220208 14:58:50.038"/>
</kw>
<status status="PASS" starttime="20220208 14:58:50.038" endtime="20220208 14:58:50.053"/>
</test>
<test id="s1-t2" name="TC2 print Date">
<kw name="Get Current Date" library="DateTime">
<var>${date}</var>
<doc>Returns current local or UTC time with an optional increment.</doc>
<msg timestamp="20220208 14:58:50.069" level="INFO">${date} = 2022-02-08 14:58:50.069</msg>
<status status="PASS" starttime="20220208 14:58:50.069" endtime="20220208 14:58:50.069"/>
</kw>
<kw name="Log To Console" library="BuiltIn">
<arg>${date}</arg>
<doc>Logs the given message to the console.</doc>
<status status="PASS" starttime="20220208 14:58:50.069" endtime="20220208 14:58:50.069"/>
</kw>
<status status="PASS" starttime="20220208 14:58:50.069" endtime="20220208 14:58:50.069"/>
</test>
<test id="s1-t3" name="TC3 store Data">
<kw name="Set Local Variable" library="BuiltIn">
<arg>${name}</arg>
<arg>Deepika</arg>
<doc>Makes a variable available everywhere within the local scope.</doc>
<msg timestamp="20220208 14:58:50.085" level="INFO">${name} = Deepika</msg>
<status status="PASS" starttime="20220208 14:58:50.069" endtime="20220208 14:58:50.085"/>
</kw>
<kw name="Log To Console" library="BuiltIn">
<arg>${name}</arg>
<doc>Logs the given message to the console.</doc>
<status status="PASS" starttime="20220208 14:58:50.100" endtime="20220208 14:58:50.100"/>
</kw>
<kw name="Log" library="BuiltIn">
<arg>hello, ${name}</arg>
<doc>Logs the given message with the given level.</doc>
<msg timestamp="20220208 14:58:50.100" level="INFO">hello, Deepika</msg>
<status status="PASS" starttime="20220208 14:58:50.100" endtime="20220208 14:58:50.100"/>
</kw>
<kw name="Set Variable" library="BuiltIn">
<var>${title}</var>
<arg>robotframeworksession</arg>
<doc>Returns the given values which can then be assigned to a variables.</doc>
<msg timestamp="20220208 14:58:50.100" level="INFO">${title} = robotframeworksession</msg>
<status status="PASS" starttime="20220208 14:58:50.100" endtime="20220208 14:58:50.100"/>
</kw>
<kw name="Log To Console" library="BuiltIn">
<arg>${title}</arg>
<doc>Logs the given message to the console.</doc>
<status status="PASS" starttime="20220208 14:58:50.100" endtime="20220208 14:58:50.100"/>
</kw>
<status status="PASS" starttime="20220208 14:58:50.069" endtime="20220208 14:58:50.100"/>
</test>
<test id="s1-t4" name="TC4 Add Number">
<kw name="Set Local Variable" library="BuiltIn">
<arg>${num1}</arg>
<arg>45</arg>
<doc>Makes a variable available everywhere within the local scope.</doc>
<msg timestamp="20220208 14:58:50.116" level="INFO">${num1} = 45</msg>
<status status="PASS" starttime="20220208 14:58:50.100" endtime="20220208 14:58:50.116"/>
</kw>
<kw name="Set Local Variable" library="BuiltIn">
<arg>${num2}</arg>
<arg>55</arg>
<doc>Makes a variable available everywhere within the local scope.</doc>
<msg timestamp="20220208 14:58:50.116" level="INFO">${num2} = 55</msg>
<status status="PASS" starttime="20220208 14:58:50.116" endtime="20220208 14:58:50.116"/>
</kw>
<kw name="Set Local Variable" library="BuiltIn">
<arg>${sum}</arg>
<arg>${${num1}+${num2}}</arg>
<doc>Makes a variable available everywhere within the local scope.</doc>
<msg timestamp="20220208 14:58:50.116" level="INFO">${sum} = 100</msg>
<status status="PASS" starttime="20220208 14:58:50.116" endtime="20220208 14:58:50.116"/>
</kw>
<kw name="Log To Console" library="BuiltIn">
<arg>${sum}</arg>
<doc>Logs the given message to the console.</doc>
<status status="PASS" starttime="20220208 14:58:50.116" endtime="20220208 14:58:50.132"/>
</kw>
<status status="PASS" starttime="20220208 14:58:50.100" endtime="20220208 14:58:50.132"/>
</test>
<test id="s1-t5" name="TC5 Area Of Circle">
<kw name="Set Local Variable" library="BuiltIn">
<arg>${radius}</arg>
<arg>10</arg>
<doc>Makes a variable available everywhere within the local scope.</doc>
<msg timestamp="20220208 14:58:50.132" level="INFO">${radius} = 10</msg>
<status status="PASS" starttime="20220208 14:58:50.132" endtime="20220208 14:58:50.132"/>
</kw>
<kw name="Set Local Variable" library="BuiltIn">
<arg>${pie}</arg>
<arg>3.14</arg>
<doc>Makes a variable available everywhere within the local scope.</doc>
<msg timestamp="20220208 14:58:50.147" level="INFO">${pie} = 3.14</msg>
<status status="PASS" starttime="20220208 14:58:50.132" endtime="20220208 14:58:50.147"/>
</kw>
<kw name="Evaluate" library="BuiltIn">
<var>${res}</var>
<arg>${radius}${pie}${radius}</arg>
<doc>Evaluates the given expression in Python and returns the result.</doc>
<msg timestamp="20220208 14:58:50.147" level="INFO">${res} = 103.141</msg>
<status status="PASS" starttime="20220208 14:58:50.147" endtime="20220208 14:58:50.147"/>
</kw>
<kw name="Log To Console" library="BuiltIn">
<arg>${res}cm2</arg>
<doc>Logs the given message to the console.</doc>
<status status="PASS" starttime="20220208 14:58:50.147" endtime="20220208 14:58:50.147"/>
</kw>
<status status="PASS" starttime="20220208 14:58:50.132" endtime="20220208 14:58:50.147"/>
</test>
<test id="s1-t6" name="TC6">
<kw name="Set Local Variable" library="BuiltIn">
<arg>${browser}</arg>
<arg>chrome</arg>
<doc>Makes a variable available everywhere within the local scope.</doc>
<msg timestamp="20220208 14:58:50.163" level="INFO">${browser} = chrome</msg>
<status status="PASS" starttime="20220208 14:58:50.147" endtime="20220208 14:58:50.163"/>
</kw>
<if>
<branch type="IF" condition="'${browser}'=='chrome'">
<kw name="Log To Console" library="BuiltIn">
<arg>Yea! It's Chrome</arg>
<doc>Logs the given message to the console.</doc>
<status status="PASS" starttime="20220208 14:58:50.163" endtime="20220208 14:58:50.163"/>
</kw>
<status status="PASS" starttime="20220208 14:58:50.163" endtime="20220208 14:58:50.163"/>
</branch>
<branch type="ELSE">
<kw name="Log To Console" library="BuiltIn">
<arg>No! It's not Chrome</arg>
<doc>Logs the given message to the console.</doc>
<status status="NOT RUN" starttime="20220208 14:58:50.163" endtime="20220208 14:58:50.163"/>
</kw>
<status status="NOT RUN" starttime="20220208 14:58:50.163" endtime="20220208 14:58:50.163"/>
</branch>
<status status="PASS" starttime="20220208 14:58:50.163" endtime="20220208 14:58:50.163"/>
</if>
<status status="PASS" starttime="20220208 14:58:50.147" endtime="20220208 14:58:50.163"/>
</test>
<test id="s1-t7" name="TC7 For loop">
<for flavor="IN RANGE">
<var>${i}</var>
<value>1</value>
<value>11</value>
<value>1</value>
<iter>
<var name="${i}">1</var>
<kw name="Log To Console" library="BuiltIn">
<arg>${i}</arg>
<doc>Logs the given message to the console.</doc>
<status status="PASS" starttime="20220208 14:58:50.178" endtime="20220208 14:58:50.178"/>
</kw>
<status status="PASS" starttime="20220208 14:58:50.178" endtime="20220208 14:58:50.178"/>
</iter>
<iter>
<var name="${i}">2</var>
<kw name="Log To Console" library="BuiltIn">
<arg>${i}</arg>
<doc>Logs the given message to the console.</doc>
<status status="PASS" starttime="20220208 14:58:50.178" endtime="20220208 14:58:50.178"/>
</kw>
<status status="PASS" starttime="20220208 14:58:50.178" endtime="20220208 14:58:50.178"/>
</iter>
<iter>
<var name="${i}">3</var>
<kw name="Log To Console" library="BuiltIn">
<arg>${i}</arg>
<doc>Logs the given message to the console.</doc>
<status status="PASS" starttime="20220208 14:58:50.178" endtime="20220208 14:58:50.178"/>
</kw>
<status status="PASS" starttime="20220208 14:58:50.178" endtime="20220208 14:58:50.178"/>
</iter>
<iter>
<var name="${i}">4</var>
<kw name="Log To Console" library="BuiltIn">
<arg>${i}</arg>
<doc>Logs the given message to the console.</doc>
<status status="PASS" starttime="20220208 14:58:50.178" endtime="20220208 14:58:50.178"/>
</kw>
<status status="PASS" starttime="20220208 14:58:50.178" endtime="20220208 14:58:50.178"/>
</iter>
<iter>
<var name="${i}">5</var>
<kw name="Log To Console" library="BuiltIn">
<arg>${i}</arg>
<doc>Logs the given message to the console.</doc>
<status status="PASS" starttime="20220208 14:58:50.194" endtime="20220208 14:58:50.194"/>
</kw>
<status status="PASS" starttime="20220208 14:58:50.178" endtime="20220208 14:58:50.194"/>
</iter>
<iter>
<var name="${i}">6</var>
<kw name="Log To Console" library="BuiltIn">
<arg>${i}</arg>
<doc>Logs the given message to the console.</doc>
<status status="PASS" starttime="20220208 14:58:50.194" endtime="20220208 14:58:50.194"/>
</kw>
<status status="PASS" starttime="20220208 14:58:50.194" endtime="20220208 14:58:50.194"/>
</iter>
<iter>
<var name="${i}">7</var>
<kw name="Log To Console" library="BuiltIn">
<arg>${i}</arg>
<doc>Logs the given message to the console.</doc>
<status status="PASS" starttime="20220208 14:58:50.194" endtime="20220208 14:58:50.194"/>
</kw>
<status status="PASS" starttime="20220208 14:58:50.194" endtime="20220208 14:58:50.194"/>
</iter>
<iter>
<var name="${i}">8</var>
<kw name="Log To Console" library="BuiltIn">
<arg>${i}</arg>
<doc>Logs the given message to the console.</doc>
<status status="PASS" starttime="20220208 14:58:50.194" endtime="20220208 14:58:50.194"/>
</kw>
<status status="PASS" starttime="20220208 14:58:50.194" endtime="20220208 14:58:50.194"/>
</iter>
<iter>
<var name="${i}">9</var>
<kw name="Log To Console" library="BuiltIn">
<arg>${i}</arg>
<doc>Logs the given message to the console.</doc>
<status status="PASS" starttime="20220208 14:58:50.194" endtime="20220208 14:58:50.194"/>
</kw>
<status status="PASS" starttime="20220208 14:58:50.194" endtime="20220208 14:58:50.194"/>
</iter>
<iter>
<var name="${i}">10</var>
<kw name="Log To Console" library="BuiltIn">
<arg>${i}</arg>
<doc>Logs the given message to the console.</doc>
<status status="PASS" starttime="20220208 14:58:50.210" endtime="20220208 14:58:50.210"/>
</kw>
<status status="PASS" starttime="20220208 14:58:50.210" endtime="20220208 14:58:50.210"/>
</iter>
<status status="PASS" starttime="20220208 14:58:50.178" endtime="20220208 14:58:50.210"/>
</for>
<status status="PASS" starttime="20220208 14:58:50.163" endtime="20220208 14:58:50.210"/>
</test>
<status status="PASS" starttime="20220208 14:58:49.913" endtime="20220208 14:58:50.210"/>
</suite>
<statistics>
<total>
<stat pass="7" fail="0" skip="0">All Tests</stat>
</total>
<tag>
</tag>
<suite>
<stat pass="7" fail="0" skip="0" id="s1" name="Demo2 Suite">Demo2 Suite</stat>
</suite>
</statistics>
<errors>
</errors>
</robot>
