<?xml version="1.0" encoding="UTF-8"?>
<robot generator="Robot 4.1.3 (Python 3.10.2 on win32)" generated="20220210 10:10:46.381" rpa="false" schemaversion="2">
<suite id="s1" name="Demo Suite" source="C:\Users\yamini\PycharmProjects\Robotics\robot_suite\demo_suite.robot">
<test id="s1-t1" name="TC1">
<kw name="Log To Console" library="BuiltIn">
<arg>${EXECDIR}</arg>
<doc>Logs the given message to the console.</doc>
<status status="PASS" starttime="20220210 10:10:46.459" endtime="20220210 10:10:46.459"/>
</kw>
<kw name="Log To Console" library="BuiltIn">
<arg>C:\\Users\\yamini\\PycharmProjects\\Robotics\\robot_suite</arg>
<doc>Logs the given message to the console.</doc>
<status status="PASS" starttime="20220210 10:10:46.459" endtime="20220210 10:10:46.459"/>
</kw>
<kw name="Log To Console" library="BuiltIn">
<arg>${OUTPUT_DIR}</arg>
<doc>Logs the given message to the console.</doc>
<status status="PASS" starttime="20220210 10:10:46.459" endtime="20220210 10:10:46.459"/>
</kw>
<kw name="Log To Console" library="BuiltIn">
<arg>${EXECDIR}${/}drivers${/}chromedriver.exe</arg>
<doc>Logs the given message to the console.</doc>
<status status="PASS" starttime="20220210 10:10:46.459" endtime="20220210 10:10:46.459"/>
</kw>
<kw name="Log To Console" library="BuiltIn">
<arg>${SUITE_NAME}</arg>
<doc>Logs the given message to the console.</doc>
<status status="PASS" starttime="20220210 10:10:46.459" endtime="20220210 10:10:46.459"/>
</kw>
<kw name="Log To Console" library="BuiltIn">
<arg>${TEST_NAME}</arg>
<doc>Logs the given message to the console.</doc>
<status status="PASS" starttime="20220210 10:10:46.459" endtime="20220210 10:10:46.459"/>
</kw>
<kw name="Log To Console" library="BuiltIn">
<arg>${TEMPDIR}</arg>
<doc>Logs the given message to the console.</doc>
<status status="PASS" starttime="20220210 10:10:46.459" endtime="20220210 10:10:46.459"/>
</kw>
<kw name="Log To Console" library="BuiltIn">
<arg>${MY_NAME}</arg>
<doc>Logs the given message to the console.</doc>
<status status="PASS" starttime="20220210 10:10:46.475" endtime="20220210 10:10:46.475"/>
</kw>
<kw name="Log To Console" library="BuiltIn">
<arg>${COLORS}[0]</arg>
<doc>Logs the given message to the console.</doc>
<status status="PASS" starttime="20220210 10:10:46.475" endtime="20220210 10:10:46.475"/>
</kw>
<status status="PASS" starttime="20220210 10:10:46.459" endtime="20220210 10:10:46.475"/>
</test>
<test id="s1-t2" name="TC2">
<status status="FAIL" starttime="20220210 10:10:46.475" endtime="20220210 10:10:46.475">Test case contains no keywords.</status>
</test>
<test id="s1-t3" name="FOR">
<kw name="IN RANGE">
<var>${i}</var>
<arg>0</arg>
<arg>3</arg>
<arg>1</arg>
<msg timestamp="20220210 10:10:46.490" level="FAIL">No keyword with name 'IN RANGE' found.</msg>
<status status="FAIL" starttime="20220210 10:10:46.490" endtime="20220210 10:10:46.490"/>
</kw>
<kw name="Log To Console" library="BuiltIn">
<arg>${COLORS}[${i}]</arg>
<doc>Logs the given message to the console.</doc>
<status status="NOT RUN" starttime="20220210 10:10:46.490" endtime="20220210 10:10:46.490"/>
</kw>
<status status="FAIL" starttime="20220210 10:10:46.475" endtime="20220210 10:10:46.490">No keyword with name 'IN RANGE' found.</status>
</test>
<test id="s1-t4" name="END">
<status status="FAIL" starttime="20220210 10:10:46.490" endtime="20220210 10:10:46.490">Test case contains no keywords.</status>
</test>
<status status="FAIL" starttime="20220210 10:10:46.381" endtime="20220210 10:10:46.506"/>
</suite>
<statistics>
<total>
<stat pass="1" fail="3" skip="0">All Tests</stat>
</total>
<tag>
</tag>
<suite>
<stat pass="1" fail="3" skip="0" id="s1" name="Demo Suite">Demo Suite</stat>
</suite>
</statistics>
<errors>
</errors>
</robot>
